# JRE version: Java(TM) SE Runtime Environment (8.0_131-b11) (build 1.8.0_131-b11)
# Java VM: Java HotSpot(TM) 64-Bit Server VM (25.131-b11 mixed mode windows-amd64 compressed oops)
Heap:
 PSYoungGen      total 38400K, used 26124K [0x00000000d5c00000, 0x00000000d8680000, 0x0000000100000000)
  eden space 33280K, 67% used [0x00000000d5c00000,0x00000000d7215728,0x00000000d7c80000)
  from space 5120K, 68% used [0x00000000d7c80000,0x00000000d7fed8e0,0x00000000d8180000)
  to   space 5120K, 0% used [0x00000000d8180000,0x00000000d8180000,0x00000000d8680000)
 ParOldGen       total 87552K, used 32K [0x0000000081400000, 0x0000000086980000, 0x00000000d5c00000)
  object space 87552K, 0% used [0x0000000081400000,0x0000000081408000,0x0000000086980000)
 Metaspace       used 10106K, capacity 10258K, committed 10624K, reserved 1058816K
  class space    used 1209K, capacity 1287K, committed 1408K, reserved 1048576K
GC Heap History (6 events):
Event: 8.813 GC heap before
{Heap before GC invocations=1 (full 0):
 PSYoungGen      total 38400K, used 33280K [0x00000000d5c00000, 0x00000000d8680000, 0x0000000100000000)
  eden space 33280K, 100% used [0x00000000d5c00000,0x00000000d7c80000,0x00000000d7c80000)
  from space 5120K, 0% used [0x00000000d8180000,0x00000000d8180000,0x00000000d8680000)
  to   space 5120K, 0% used [0x00000000d7c80000,0x00000000d7c80000,0x00000000d8180000)
 ParOldGen       total 87552K, used 0K [0x0000000081400000, 0x0000000086980000, 0x00000000d5c00000)
  object space 87552K, 0% used [0x0000000081400000,0x0000000081400000,0x0000000086980000)
 Metaspace       used 10023K, capacity 10194K, committed 10368K, reserved 1058816K
  class space    used 1209K, capacity 1287K, committed 1408K, reserved 1048576K
Event: 8.817 GC heap after
Heap after GC invocations=1 (full 0):
 PSYoungGen      total 38400K, used 2852K [0x00000000d5c00000, 0x00000000d8680000, 0x0000000100000000)
  eden space 33280K, 0% used [0x00000000d5c00000,0x00000000d5c00000,0x00000000d7c80000)
  from space 5120K, 55% used [0x00000000d7c80000,0x00000000d7f49358,0x00000000d8180000)
  to   space 5120K, 0% used [0x00000000d8180000,0x00000000d8180000,0x00000000d8680000)
 ParOldGen       total 87552K, used 16K [0x0000000081400000, 0x0000000086980000, 0x00000000d5c00000)
  object space 87552K, 0% used [0x0000000081400000,0x0000000081404000,0x0000000086980000)
 Metaspace       used 10023K, capacity 10194K, committed 10368K, reserved 1058816K
  class space    used 1209K, capacity 1287K, committed 1408K, reserved 1048576K
}
Event: 10.584 GC heap before
{Heap before GC invocations=2 (full 0):
 PSYoungGen      total 38400K, used 36106K [0x00000000d5c00000, 0x00000000d8680000, 0x0000000100000000)
  eden space 33280K, 99% used [0x00000000d5c00000,0x00000000d7c798a0,0x00000000d7c80000)
  from space 5120K, 55% used [0x00000000d7c80000,0x00000000d7f49358,0x00000000d8180000)
  to   space 5120K, 0% used [0x00000000d8180000,0x00000000d8180000,0x00000000d8680000)
 ParOldGen       total 87552K, used 16K [0x0000000081400000, 0x0000000086980000, 0x00000000d5c00000)
  object space 87552K, 0% used [0x0000000081400000,0x0000000081404000,0x0000000086980000)
 Metaspace       used 10073K, capacity 10258K, committed 10624K, reserved 1058816K
  class space    used 1209K, capacity 1287K, committed 1408K, reserved 1048576K
Event: 10.587 GC heap after
Heap after GC invocations=2 (full 0):
 PSYoungGen      total 38400K, used 4377K [0x00000000d5c00000, 0x00000000d8680000, 0x0000000100000000)
  eden space 33280K, 0% used [0x00000000d5c00000,0x00000000d5c00000,0x00000000d7c80000)
  from space 5120K, 85% used [0x00000000d8180000,0x00000000d85c6620,0x00000000d8680000)
  to   space 5120K, 0% used [0x00000000d7c80000,0x00000000d7c80000,0x00000000d8180000)
 ParOldGen       total 87552K, used 24K [0x0000000081400000, 0x0000000086980000, 0x00000000d5c00000)
  object space 87552K, 0% used [0x0000000081400000,0x0000000081406000,0x0000000086980000)
 Metaspace       used 10073K, capacity 10258K, committed 10624K, reserved 1058816K
  class space    used 1209K, capacity 1287K, committed 1408K, reserved 1048576K
}
Event: 10.843 GC heap before
{Heap before GC invocations=3 (full 0):
 PSYoungGen      total 38400K, used 36972K [0x00000000d5c00000, 0x00000000d8680000, 0x0000000100000000)
  eden space 33280K, 97% used [0x00000000d5c00000,0x00000000d7bd4b40,0x00000000d7c80000)
  from space 5120K, 85% used [0x00000000d8180000,0x00000000d85c6620,0x00000000d8680000)
  to   space 5120K, 0% used [0x00000000d7c80000,0x00000000d7c80000,0x00000000d8180000)
 ParOldGen       total 87552K, used 24K [0x0000000081400000, 0x0000000086980000, 0x00000000d5c00000)
  object space 87552K, 0% used [0x0000000081400000,0x0000000081406000,0x0000000086980000)
 Metaspace       used 10098K, capacity 10258K, committed 10624K, reserved 1058816K
  class space    used 1209K, capacity 1287K, committed 1408K, reserved 1048576K
Event: 10.849 GC heap after
Heap after GC invocations=3 (full 0):
 PSYoungGen      total 38400K, used 3510K [0x00000000d5c00000, 0x00000000d8680000, 0x0000000100000000)
  eden space 33280K, 0% used [0x00000000d5c00000,0x00000000d5c00000,0x00000000d7c80000)
  from space 5120K, 68% used [0x00000000d7c80000,0x00000000d7fed8e0,0x00000000d8180000)
  to   space 5120K, 0% used [0x00000000d8180000,0x00000000d8180000,0x00000000d8680000)
 ParOldGen       total 87552K, used 32K [0x0000000081400000, 0x0000000086980000, 0x00000000d5c00000)
  object space 87552K, 0% used [0x0000000081400000,0x0000000081408000,0x0000000086980000)
 Metaspace       used 10098K, capacity 10258K, committed 10624K, reserved 1058816K
  class space    used 1209K, capacity 1287K, committed 1408K, reserved 1048576K
}

